<?xml version="1.0" encoding="UTF-8"?>
<!-- Generated by org.testng.reporters.JUnitReportReporter -->
<testsuite hostname="DESKTOP-Q4REGRF" failures="0" tests="1" name="SeleniumProject.Funtionality.CompareResult" time="113.256" errors="0" timestamp="2022-05-18T20:27:52 IST" skipped="0">
  <testcase classname="SeleniumProject.Funtionality.CompareResult" name="testGoogle" time="113.256"/>
  <system-out>
    <![CDATA[Google Opened
Google Title capturedGoogle]]>
  </system-out>
</testsuite> <!-- SeleniumProject.Funtionality.CompareResult -->
