<?xml version="1.0" encoding="UTF-8"?>
<!-- Generated by org.testng.reporters.JUnitReportReporter -->
<testsuite hostname="DESKTOP-Q4REGRF" failures="0" tests="1" name="SeleniumProject.Funtionality.TestNGDemo" time="0.020" errors="0" timestamp="2022-05-18T19:35:21 IST" skipped="0">
  <testcase classname="SeleniumProject.Funtionality.TestNGDemo" name="TestNGDEmo1" time="0.020"/>
  <system-out>
    <![CDATA[Welcome to TestNG Instead of Print we can use this]]>
  </system-out>
</testsuite> <!-- SeleniumProject.Funtionality.TestNGDemo -->
