<?xml version="1.0" encoding="UTF-8"?>
<!-- Generated by org.testng.reporters.JUnitReportReporter -->
<testsuite hostname="DESKTOP-Q4REGRF" failures="0" tests="4" name="SeleniumProject.Funtionality.TestNGAnnotation" time="0.038" errors="0" timestamp="2022-05-18T19:47:41 IST" skipped="0">
  <testcase classname="SeleniumProject.Funtionality.TestNGAnnotation" name="register" time="0.009"/>
  <system-out>
    <![CDATA[Register the user details in the new app]]>
  </system-out>
  <testcase classname="SeleniumProject.Funtionality.TestNGAnnotation" name="deleteUser" time="0.014"/>
  <system-out>
    <![CDATA[Deletet the created user]]>
  </system-out>
  <testcase classname="SeleniumProject.Funtionality.TestNGAnnotation" name="editUser" time="0.005"/>
  <system-out>
    <![CDATA[Edit the user details]]>
  </system-out>
  <testcase classname="SeleniumProject.Funtionality.TestNGAnnotation" name="editUser" time="0.010"/>
  <system-out>
    <![CDATA[Edit the user details]]>
  </system-out>
</testsuite> <!-- SeleniumProject.Funtionality.TestNGAnnotation -->
