<?xml version="1.0" encoding="UTF-8"?>
<!-- Generated by org.testng.reporters.JUnitReportReporter -->
<testsuite hostname="DESKTOP-Q4REGRF" failures="0" tests="1" name="SeleniumProject.Funtionality.SoftAsssertDemo" time="0.050" errors="0" timestamp="2022-05-18T20:37:10 IST" skipped="0">
  <testcase classname="SeleniumProject.Funtionality.SoftAsssertDemo" name="testGoogle" time="0.050"/>
  <system-out>
    <![CDATA[Step 1
Step 2
Step 3
Step 4]]>
  </system-out>
</testsuite> <!-- SeleniumProject.Funtionality.SoftAsssertDemo -->
