<?xml version="1.0" encoding="UTF-8"?>
<!-- Generated by org.testng.reporters.JUnitReportReporter -->
<testsuite hostname="DESKTOP-Q4REGRF" failures="0" tests="2" name="SeleniumProject.Funtionality.DependencyExample" time="0.014" errors="0" timestamp="2022-05-18T19:55:44 IST" skipped="0">
  <testcase classname="SeleniumProject.Funtionality.DependencyExample" name="deleteUser" time="0.001"/>
  <system-out>
    <![CDATA[Delete the user details ]]>
  </system-out>
  <testcase classname="SeleniumProject.Funtionality.DependencyExample" name="createUser" time="0.013"/>
  <system-out>
    <![CDATA[Create the user]]>
  </system-out>
</testsuite> <!-- SeleniumProject.Funtionality.DependencyExample -->
