<?xml version="1.0" encoding="UTF-8"?>
<!-- Generated by org.testng.reporters.JUnitReportReporter -->
<testsuite hostname="DESKTOP-Q4REGRF" failures="0" tests="1" name="SeleniumProject.Funtionality.ExeFileExecution" time="0.069" errors="0" timestamp="2022-05-17T20:53:21 IST" skipped="0">
  <testcase classname="SeleniumProject.Funtionality.ExeFileExecution" name="ExeFile" time="0.069"/>
  <system-out/>
</testsuite> <!-- SeleniumProject.Funtionality.ExeFileExecution -->
